[debug] [2023-04-07T09:53:52.889Z] ----------------------------------------------------------------------
[debug] [2023-04-07T09:53:52.891Z] Command:       /Users/mac/.volta/tools/image/node/16.13.2/bin/node /Users/mac/.volta/tools/image/packages/firebase-tools/bin/firebase init
[debug] [2023-04-07T09:53:52.892Z] CLI Version:   11.25.3
[debug] [2023-04-07T09:53:52.892Z] Platform:      darwin
[debug] [2023-04-07T09:53:52.892Z] Node Version:  v16.13.2
[debug] [2023-04-07T09:53:52.894Z] Time:          Fri Apr 07 2023 10:53:52 GMT+0100 (West Africa Standard Time)
[debug] [2023-04-07T09:53:52.894Z] ----------------------------------------------------------------------
[debug] 
[debug] [2023-04-07T09:53:52.903Z] > command requires scopes: ["email","openid","https://www.googleapis.com/auth/cloudplatformprojects.readonly","https://www.googleapis.com/auth/firebase","https://www.googleapis.com/auth/cloud-platform"]
[debug] [2023-04-07T09:53:52.904Z] > authorizing via signed-in user (stevechude@gmail.com)
[info] 
     ######## #### ########  ######## ########     ###     ######  ########
     ##        ##  ##     ## ##       ##     ##  ##   ##  ##       ##
     ######    ##  ########  ######   ########  #########  ######  ######
     ##        ##  ##    ##  ##       ##     ## ##     ##       ## ##
     ##       #### ##     ## ######## ########  ##     ##  ######  ########

You're about to initialize a Firebase project in this directory:

  /Users/mac/Desktop/fresh-start/angular/FirstApp

[info] 
=== Project Setup
[info] 
[info] First, let's associate this project directory with a Firebase project.
[info] You can create multiple project aliases by running firebase use --add, 
[info] but for now we'll just set up a default project.
[info] 
[debug] [2023-04-07T09:56:07.213Z] >>> [apiv2][query] GET https://firebase.googleapis.com/v1beta1/projects pageSize=100
[debug] [2023-04-07T09:56:08.164Z] <<< [apiv2][status] GET https://firebase.googleapis.com/v1beta1/projects 200
[debug] [2023-04-07T09:56:08.164Z] <<< [apiv2][body] GET https://firebase.googleapis.com/v1beta1/projects [omitted]
[info] i  Using project angular14-app-e752b (Angular14-app) 
[info] 
=== Hosting Setup
[info] 
[info] Your public directory is the folder (relative to your project directory) that
[info] will contain Hosting assets to be uploaded with firebase deploy. If you
[info] have a build process for your assets, use your build's output directory.
[info] 
[debug] [2023-04-07T09:57:34.414Z] >>> [apiv2][query] GET https://www.gstatic.com/firebasejs/releases.json [none]
[debug] [2023-04-07T09:57:34.687Z] <<< [apiv2][status] GET https://www.gstatic.com/firebasejs/releases.json 200
[debug] [2023-04-07T09:57:34.688Z] <<< [apiv2][body] GET https://www.gstatic.com/firebasejs/releases.json {"current":{"version":"9.19.1","browserURL":"https://www.gstatic.com/firebasejs/9.19.1/firebase.js","packageURL":"https://www.gstatic.com/firebasejs/9.19.1/firebase.tgz"},"live":{"version":"9.19","browserURL":"https://www.gstatic.com/firebasejs/live/9.19/firebase.js","packageURL":"https://www.gstatic.com/firebasejs/live/9.19/firebase.tgz"},"components":{"analytics":"https://www.gstatic.com/firebasejs/9.19.1/firebase-analytics.js","app":"https://www.gstatic.com/firebasejs/9.19.1/firebase-app.js","app-check":"https://www.gstatic.com/firebasejs/9.19.1/firebase-app-check.js","auth":"https://www.gstatic.com/firebasejs/9.19.1/firebase-auth.js","auth/cordova":"https://www.gstatic.com/firebasejs/9.19.1/firebase-auth/cordova.js","auth/react-native":"https://www.gstatic.com/firebasejs/9.19.1/firebase-auth/react-native.js","functions":"https://www.gstatic.com/firebasejs/9.19.1/firebase-functions.js","firestore":"https://www.gstatic.com/firebasejs/9.19.1/firebase-firestore.js","firestore/lite":"https://www.gstatic.com/firebasejs/9.19.1/firebase-firestore/lite.js","installations":"https://www.gstatic.com/firebasejs/9.19.1/firebase-installations.js","storage":"https://www.gstatic.com/firebasejs/9.19.1/firebase-storage.js","performance":"https://www.gstatic.com/firebasejs/9.19.1/firebase-performance.js","remote-config":"https://www.gstatic.com/firebasejs/9.19.1/firebase-remote-config.js","messaging":"https://www.gstatic.com/firebasejs/9.19.1/firebase-messaging.js","messaging/sw":"https://www.gstatic.com/firebasejs/9.19.1/firebase-messaging/sw.js","database":"https://www.gstatic.com/firebasejs/9.19.1/firebase-database.js","firestore.memory":"https://www.gstatic.com/firebasejs/9.19.1/firebase-firestore.memory.js"}}
[info] ✔  Wrote public/index.html 
[info] 
[info] i  Detected a .git folder at /Users/mac/Desktop/fresh-start/angular/FirstApp 
[info] i  Authorizing with GitHub to upload your service account to a GitHub repository's secrets store. 
[info] 
[info] Visit this URL on this device to log in:
[info] https://github.com/login/oauth/authorize?client_id=89cf50f02ac6aaed3484&state=1066237775&redirect_uri=http%3A%2F%2Flocalhost%3A9005&scope=read%3Auser%20repo%20public_repo
[info] 
[info] Waiting for authentication...
[debug] [2023-04-07T09:58:01.714Z] >>> [apiv2][query] POST https://github.com/login/oauth/access_token [none]
[debug] [2023-04-07T09:58:01.715Z] >>> [apiv2][body] POST https://github.com/login/oauth/access_token [stream]
[debug] [2023-04-07T09:58:02.422Z] <<< [apiv2][status] POST https://github.com/login/oauth/access_token 200
[debug] [2023-04-07T09:58:02.422Z] <<< [apiv2][body] POST https://github.com/login/oauth/access_token {"access_token":"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","token_type":"bearer","scope":"read:user,repo"}
[debug] [2023-04-07T09:58:02.483Z] >>> [apiv2][query] GET https://api.github.com/user [none]
[debug] [2023-04-07T09:58:03.155Z] <<< [apiv2][status] GET https://api.github.com/user 200
[debug] [2023-04-07T09:58:03.155Z] <<< [apiv2][body] GET https://api.github.com/user {"login":"stevechude","id":98684619,"node_id":"U_kgDOBeHOyw","avatar_url":"https://avatars.githubusercontent.com/u/98684619?v=4","gravatar_id":"","url":"https://api.github.com/users/stevechude","html_url":"https://github.com/stevechude","followers_url":"https://api.github.com/users/stevechude/followers","following_url":"https://api.github.com/users/stevechude/following{/other_user}","gists_url":"https://api.github.com/users/stevechude/gists{/gist_id}","starred_url":"https://api.github.com/users/stevechude/starred{/owner}{/repo}","subscriptions_url":"https://api.github.com/users/stevechude/subscriptions","organizations_url":"https://api.github.com/users/stevechude/orgs","repos_url":"https://api.github.com/users/stevechude/repos","events_url":"https://api.github.com/users/stevechude/events{/privacy}","received_events_url":"https://api.github.com/users/stevechude/received_events","type":"User","site_admin":false,"name":null,"company":null,"blog":"https://www.linkedin.com/in/steve-chude-6734a7191/","location":"Victoria Island, Lagos state. Nigeria","email":null,"hireable":true,"bio":"An intermediate level NodeJs full-stack programmer. ","twitter_username":"STEV_KELLY1","public_repos":40,"public_gists":0,"followers":8,"following":11,"created_at":"2022-01-30T08:06:15Z","updated_at":"2023-03-20T14:18:10Z","private_gists":0,"total_private_repos":1,"owned_private_repos":1,"disk_usage":146197,"collaborators":0,"two_factor_authentication":false,"plan":{"name":"pro","space":976562499,"collaborators":0,"private_repos":9999}}
[info] 
[info] ✔  Success! Logged into GitHub as stevechude 
[info] 
